0
1024+0 records in
1024+0 records out
1073741824 bytes (1.1 GB) copied, 91.5979 s, 11.7 MB/s

real	1m31.782s
user	0m9.020s
sys	0m3.989s
1024+0 records in
1024+0 records out
1073741824 bytes (1.1 GB) copied, 91.6058 s, 11.7 MB/s

real	1m31.793s
user	0m8.828s
sys	0m4.269s
1024+0 records in
1024+0 records out
1073741824 bytes (1.1 GB) copied, 91.5753 s, 11.7 MB/s

real	1m31.762s
user	0m8.829s
sys	0m4.364s
1024+0 records in
1024+0 records out
1073741824 bytes (1.1 GB) copied, 91.582 s, 11.7 MB/s

real	1m31.768s
user	0m8.870s
sys	0m4.258s
1024+0 records in
1024+0 records out
1073741824 bytes (1.1 GB) copied, 91.5773 s, 11.7 MB/s

real	1m31.764s
user	0m9.024s
sys	0m4.096s
1024+0 records in
1024+0 records out
1073741824 bytes (1.1 GB) copied, 91.5753 s, 11.7 MB/s

real	1m31.761s
user	0m8.854s
sys	0m4.297s
1024+0 records in
1024+0 records out
1073741824 bytes (1.1 GB) copied, 91.5724 s, 11.7 MB/s

real	1m31.758s
user	0m8.784s
sys	0m4.387s
1024+0 records in
1024+0 records out
1073741824 bytes (1.1 GB) copied, 91.5849 s, 11.7 MB/s

real	1m31.772s
user	0m9.057s
sys	0m4.206s
1024+0 records in
1024+0 records out
1073741824 bytes (1.1 GB) copied, 91.5876 s, 11.7 MB/s

real	1m31.775s
user	0m8.897s
sys	0m4.176s
1024+0 records in
1024+0 records out
1073741824 bytes (1.1 GB) copied, 91.584 s, 11.7 MB/s

real	1m31.771s
user	0m8.947s
sys	0m4.220s
50
1024+0 records in
1024+0 records out
1073741824 bytes (1.1 GB) copied, 91.5918 s, 11.7 MB/s

real	1m31.778s
user	0m8.531s
sys	0m4.588s
1024+0 records in
1024+0 records out
1073741824 bytes (1.1 GB) copied, 91.5658 s, 11.7 MB/s

real	1m31.751s
user	0m8.784s
sys	0m4.342s
1024+0 records in
1024+0 records out
1073741824 bytes (1.1 GB) copied, 91.5762 s, 11.7 MB/s

real	1m31.763s
user	0m8.862s
sys	0m4.259s
1024+0 records in
1024+0 records out
1073741824 bytes (1.1 GB) copied, 91.5803 s, 11.7 MB/s

real	1m31.767s
user	0m8.881s
sys	0m4.197s
1024+0 records in
1024+0 records out
1073741824 bytes (1.1 GB) copied, 91.5844 s, 11.7 MB/s

real	1m31.771s
user	0m8.923s
sys	0m4.261s
1024+0 records in
1024+0 records out
1073741824 bytes (1.1 GB) copied, 91.5936 s, 11.7 MB/s

real	1m31.781s
user	0m8.930s
sys	0m4.154s
1024+0 records in
1024+0 records out
1073741824 bytes (1.1 GB) copied, 91.591 s, 11.7 MB/s

real	1m31.778s
user	0m8.797s
sys	0m4.335s
1024+0 records in
1024+0 records out
1073741824 bytes (1.1 GB) copied, 91.5973 s, 11.7 MB/s

real	1m31.784s
user	0m9.084s
sys	0m4.070s
1024+0 records in
1024+0 records out
1073741824 bytes (1.1 GB) copied, 91.5774 s, 11.7 MB/s

real	1m35.569s
user	0m8.992s
sys	0m4.151s
1024+0 records in
1024+0 records out
1073741824 bytes (1.1 GB) copied, 91.5816 s, 11.7 MB/s

real	1m31.768s
user	0m8.800s
sys	0m4.383s
100
1024+0 records in
1024+0 records out
1073741824 bytes (1.1 GB) copied, 91.6025 s, 11.7 MB/s

real	1m32.105s
user	0m8.918s
sys	0m4.242s
1024+0 records in
1024+0 records out
1073741824 bytes (1.1 GB) copied, 91.5903 s, 11.7 MB/s

real	1m31.777s
user	0m8.862s
sys	0m4.258s
1024+0 records in
1024+0 records out
1073741824 bytes (1.1 GB) copied, 91.5821 s, 11.7 MB/s

real	1m31.769s
user	0m8.856s
sys	0m4.286s
1024+0 records in
1024+0 records out
1073741824 bytes (1.1 GB) copied, 91.5779 s, 11.7 MB/s

real	1m31.765s
user	0m8.869s
sys	0m4.245s
1024+0 records in
1024+0 records out
1073741824 bytes (1.1 GB) copied, 91.5818 s, 11.7 MB/s

real	1m31.769s
user	0m8.844s
sys	0m4.381s
1024+0 records in
1024+0 records out
1073741824 bytes (1.1 GB) copied, 91.5815 s, 11.7 MB/s

real	1m31.768s
user	0m8.835s
sys	0m4.218s
1024+0 records in
1024+0 records out
1073741824 bytes (1.1 GB) copied, 91.5811 s, 11.7 MB/s

real	1m31.768s
user	0m8.813s
sys	0m4.350s
1024+0 records in
1024+0 records out
1073741824 bytes (1.1 GB) copied, 91.5817 s, 11.7 MB/s

real	1m31.767s
user	0m8.875s
sys	0m4.237s
1024+0 records in
1024+0 records out
1073741824 bytes (1.1 GB) copied, 91.5763 s, 11.7 MB/s

real	1m31.763s
user	0m8.666s
sys	0m4.543s
1024+0 records in
1024+0 records out
1073741824 bytes (1.1 GB) copied, 91.6102 s, 11.7 MB/s

real	1m31.797s
user	0m8.798s
sys	0m4.298s
150
1024+0 records in
1024+0 records out
1073741824 bytes (1.1 GB) copied, 91.599 s, 11.7 MB/s

real	1m31.786s
user	0m8.718s
sys	0m4.388s
1024+0 records in
1024+0 records out
1073741824 bytes (1.1 GB) copied, 91.5791 s, 11.7 MB/s

real	1m31.766s
user	0m8.874s
sys	0m4.336s
1024+0 records in
1024+0 records out
1073741824 bytes (1.1 GB) copied, 91.5754 s, 11.7 MB/s

real	1m31.762s
user	0m9.048s
sys	0m4.116s
1024+0 records in
1024+0 records out
1073741824 bytes (1.1 GB) copied, 91.5779 s, 11.7 MB/s

real	1m31.764s
user	0m9.011s
sys	0m4.149s
1024+0 records in
1024+0 records out
1073741824 bytes (1.1 GB) copied, 91.5862 s, 11.7 MB/s

real	1m31.772s
user	0m8.886s
sys	0m4.322s
1024+0 records in
1024+0 records out
1073741824 bytes (1.1 GB) copied, 91.5865 s, 11.7 MB/s

real	1m39.097s
user	0m8.834s
sys	0m4.312s
1024+0 records in
1024+0 records out
1073741824 bytes (1.1 GB) copied, 91.5851 s, 11.7 MB/s

real	1m31.772s
user	0m8.950s
sys	0m4.234s
1024+0 records in
1024+0 records out
1073741824 bytes (1.1 GB) copied, 91.58 s, 11.7 MB/s

real	1m31.767s
user	0m8.702s
sys	0m4.367s
1024+0 records in
1024+0 records out
1073741824 bytes (1.1 GB) copied, 91.578 s, 11.7 MB/s

real	1m31.764s
user	0m8.732s
sys	0m4.468s
1024+0 records in
1024+0 records out
1073741824 bytes (1.1 GB) copied, 91.5922 s, 11.7 MB/s

real	1m31.779s
user	0m8.984s
sys	0m4.100s
200
1024+0 records in
1024+0 records out
1073741824 bytes (1.1 GB) copied, 91.5629 s, 11.7 MB/s

real	1m31.749s
user	0m8.713s
sys	0m4.366s
1024+0 records in
1024+0 records out
1073741824 bytes (1.1 GB) copied, 91.5823 s, 11.7 MB/s

real	1m31.769s
user	0m8.852s
sys	0m4.339s
1024+0 records in
1024+0 records out
1073741824 bytes (1.1 GB) copied, 91.6506 s, 11.7 MB/s

real	1m31.844s
user	0m8.837s
sys	0m4.318s
1024+0 records in
1024+0 records out
1073741824 bytes (1.1 GB) copied, 91.5727 s, 11.7 MB/s

real	1m31.760s
user	0m8.864s
sys	0m4.307s
1024+0 records in
1024+0 records out
1073741824 bytes (1.1 GB) copied, 91.5695 s, 11.7 MB/s

real	1m31.756s
user	0m8.759s
sys	0m4.465s
1024+0 records in
1024+0 records out
1073741824 bytes (1.1 GB) copied, 91.5875 s, 11.7 MB/s

real	1m35.470s
user	0m8.885s
sys	0m4.231s
1024+0 records in
1024+0 records out
1073741824 bytes (1.1 GB) copied, 91.6375 s, 11.7 MB/s

real	1m31.825s
user	0m8.926s
sys	0m4.242s
1024+0 records in
1024+0 records out
1073741824 bytes (1.1 GB) copied, 91.5851 s, 11.7 MB/s

real	1m31.772s
user	0m8.894s
sys	0m4.293s
1024+0 records in
1024+0 records out
1073741824 bytes (1.1 GB) copied, 91.6593 s, 11.7 MB/s

real	1m31.846s
user	0m9.020s
sys	0m4.156s
1024+0 records in
1024+0 records out
1073741824 bytes (1.1 GB) copied, 93.3855 s, 11.5 MB/s

real	1m33.566s
user	0m8.908s
sys	0m3.915s
250
1024+0 records in
1024+0 records out
1073741824 bytes (1.1 GB) copied, 91.5694 s, 11.7 MB/s

real	1m31.756s
user	0m9.077s
sys	0m4.119s
1024+0 records in
1024+0 records out
1073741824 bytes (1.1 GB) copied, 91.5472 s, 11.7 MB/s

real	1m31.734s
user	0m8.972s
sys	0m4.203s
1024+0 records in
1024+0 records out
1073741824 bytes (1.1 GB) copied, 91.5606 s, 11.7 MB/s

real	1m31.748s
user	0m8.809s
sys	0m4.281s
1024+0 records in
1024+0 records out
1073741824 bytes (1.1 GB) copied, 91.9697 s, 11.7 MB/s

real	1m32.150s
user	0m8.812s
sys	0m4.525s
1024+0 records in
1024+0 records out
1073741824 bytes (1.1 GB) copied, 91.581 s, 11.7 MB/s

real	1m31.768s
user	0m8.925s
sys	0m4.193s
1024+0 records in
1024+0 records out
1073741824 bytes (1.1 GB) copied, 91.5443 s, 11.7 MB/s

real	1m31.731s
user	0m8.930s
sys	0m4.234s
1024+0 records in
1024+0 records out
1073741824 bytes (1.1 GB) copied, 91.5527 s, 11.7 MB/s

real	1m31.738s
user	0m8.824s
sys	0m4.303s
1024+0 records in
1024+0 records out
1073741824 bytes (1.1 GB) copied, 91.5468 s, 11.7 MB/s

real	1m31.734s
user	0m8.822s
sys	0m4.312s
1024+0 records in
1024+0 records out
1073741824 bytes (1.1 GB) copied, 91.5549 s, 11.7 MB/s

real	1m31.742s
user	0m9.052s
sys	0m4.110s
1024+0 records in
1024+0 records out
1073741824 bytes (1.1 GB) copied, 91.5695 s, 11.7 MB/s

real	1m33.923s
user	0m8.646s
sys	0m4.434s
300
1024+0 records in
1024+0 records out
1073741824 bytes (1.1 GB) copied, 91.5487 s, 11.7 MB/s

real	1m31.736s
user	0m8.870s
sys	0m4.278s
1024+0 records in
1024+0 records out
1073741824 bytes (1.1 GB) copied, 91.5483 s, 11.7 MB/s

real	1m31.733s
user	0m8.910s
sys	0m4.275s
1024+0 records in
1024+0 records out
1073741824 bytes (1.1 GB) copied, 91.5683 s, 11.7 MB/s

real	1m31.754s
user	0m8.990s
sys	0m4.136s
1024+0 records in
1024+0 records out
1073741824 bytes (1.1 GB) copied, 91.5839 s, 11.7 MB/s

real	1m31.771s
user	0m8.939s
sys	0m4.193s
1024+0 records in
1024+0 records out
1073741824 bytes (1.1 GB) copied, 91.5703 s, 11.7 MB/s

real	1m31.757s
user	0m8.824s
sys	0m4.349s
1024+0 records in
1024+0 records out
1073741824 bytes (1.1 GB) copied, 91.5696 s, 11.7 MB/s

real	1m31.756s
user	0m8.894s
sys	0m4.241s
1024+0 records in
1024+0 records out
1073741824 bytes (1.1 GB) copied, 91.58 s, 11.7 MB/s

real	1m31.767s
user	0m8.942s
sys	0m4.264s
1024+0 records in
1024+0 records out
1073741824 bytes (1.1 GB) copied, 91.5762 s, 11.7 MB/s

real	1m31.762s
user	0m8.873s
sys	0m4.226s
1024+0 records in
1024+0 records out
1073741824 bytes (1.1 GB) copied, 91.5807 s, 11.7 MB/s

real	1m31.767s
user	0m8.856s
sys	0m4.281s
1024+0 records in
1024+0 records out
1073741824 bytes (1.1 GB) copied, 93.9702 s, 11.4 MB/s

real	1m34.157s
user	0m8.838s
sys	0m4.228s
350
1024+0 records in
1024+0 records out
1073741824 bytes (1.1 GB) copied, 91.5718 s, 11.7 MB/s

real	1m31.758s
user	0m8.874s
sys	0m4.239s
1024+0 records in
1024+0 records out
1073741824 bytes (1.1 GB) copied, 91.5724 s, 11.7 MB/s

real	1m31.758s
user	0m8.953s
sys	0m4.213s
1024+0 records in
1024+0 records out
1073741824 bytes (1.1 GB) copied, 91.5855 s, 11.7 MB/s

real	1m31.973s
user	0m8.932s
sys	0m4.241s
1024+0 records in
1024+0 records out
1073741824 bytes (1.1 GB) copied, 91.575 s, 11.7 MB/s

real	1m31.898s
user	0m8.704s
sys	0m4.523s
1024+0 records in
1024+0 records out
1073741824 bytes (1.1 GB) copied, 91.5858 s, 11.7 MB/s

real	1m31.773s
user	0m8.908s
sys	0m4.176s
1024+0 records in
1024+0 records out
1073741824 bytes (1.1 GB) copied, 91.5965 s, 11.7 MB/s

real	1m32.042s
user	0m8.891s
sys	0m4.235s
1024+0 records in
1024+0 records out
1073741824 bytes (1.1 GB) copied, 91.5986 s, 11.7 MB/s

real	1m31.786s
user	0m8.718s
sys	0m4.458s
1024+0 records in
1024+0 records out
1073741824 bytes (1.1 GB) copied, 91.5898 s, 11.7 MB/s

real	1m32.059s
user	0m8.819s
sys	0m4.372s
1024+0 records in
1024+0 records out
1073741824 bytes (1.1 GB) copied, 91.5934 s, 11.7 MB/s

real	1m31.780s
user	0m8.881s
sys	0m4.242s
1024+0 records in
1024+0 records out
1073741824 bytes (1.1 GB) copied, 91.5708 s, 11.7 MB/s

real	1m31.757s
user	0m8.831s
sys	0m4.304s
400
1024+0 records in
1024+0 records out
1073741824 bytes (1.1 GB) copied, 91.5832 s, 11.7 MB/s

real	1m31.770s
user	0m8.906s
sys	0m4.205s
1024+0 records in
1024+0 records out
1073741824 bytes (1.1 GB) copied, 91.5852 s, 11.7 MB/s

real	1m31.771s
user	0m8.952s
sys	0m4.189s
1024+0 records in
1024+0 records out
1073741824 bytes (1.1 GB) copied, 91.581 s, 11.7 MB/s

real	1m31.768s
user	0m8.883s
sys	0m4.284s
1024+0 records in
1024+0 records out
1073741824 bytes (1.1 GB) copied, 91.5783 s, 11.7 MB/s

real	1m31.766s
user	0m8.889s
sys	0m4.288s
1024+0 records in
1024+0 records out
1073741824 bytes (1.1 GB) copied, 91.5744 s, 11.7 MB/s

real	1m31.762s
user	0m8.882s
sys	0m4.273s
1024+0 records in
1024+0 records out
1073741824 bytes (1.1 GB) copied, 91.5779 s, 11.7 MB/s

real	1m31.765s
user	0m8.898s
sys	0m4.325s
1024+0 records in
1024+0 records out
1073741824 bytes (1.1 GB) copied, 91.5834 s, 11.7 MB/s

real	1m31.934s
user	0m8.753s
sys	0m4.342s
1024+0 records in
1024+0 records out
1073741824 bytes (1.1 GB) copied, 91.5754 s, 11.7 MB/s

real	1m31.761s
user	0m8.736s
sys	0m4.381s
1024+0 records in
1024+0 records out
1073741824 bytes (1.1 GB) copied, 91.5921 s, 11.7 MB/s

real	1m31.778s
user	0m8.795s
sys	0m4.304s
1024+0 records in
1024+0 records out
1073741824 bytes (1.1 GB) copied, 91.5796 s, 11.7 MB/s

real	1m31.766s
user	0m9.041s
sys	0m4.119s
450
1024+0 records in
1024+0 records out
1073741824 bytes (1.1 GB) copied, 91.5657 s, 11.7 MB/s

real	1m31.752s
user	0m8.849s
sys	0m4.340s
1024+0 records in
1024+0 records out
1073741824 bytes (1.1 GB) copied, 91.5909 s, 11.7 MB/s

real	1m31.777s
user	0m8.852s
sys	0m4.340s
1024+0 records in
1024+0 records out
1073741824 bytes (1.1 GB) copied, 91.5658 s, 11.7 MB/s

real	1m31.753s
user	0m8.887s
sys	0m4.219s
1024+0 records in
1024+0 records out
1073741824 bytes (1.1 GB) copied, 91.5713 s, 11.7 MB/s

real	1m31.758s
user	0m8.790s
sys	0m4.231s
1024+0 records in
1024+0 records out
1073741824 bytes (1.1 GB) copied, 91.5817 s, 11.7 MB/s

real	1m31.768s
user	0m8.952s
sys	0m4.262s
1024+0 records in
1024+0 records out
1073741824 bytes (1.1 GB) copied, 91.5834 s, 11.7 MB/s

real	1m31.770s
user	0m8.871s
sys	0m4.283s
1024+0 records in
1024+0 records out
1073741824 bytes (1.1 GB) copied, 91.5828 s, 11.7 MB/s

real	1m31.770s
user	0m8.925s
sys	0m4.335s
1024+0 records in
1024+0 records out
1073741824 bytes (1.1 GB) copied, 91.5823 s, 11.7 MB/s

real	1m31.769s
user	0m8.503s
sys	0m4.713s
1024+0 records in
1024+0 records out
1073741824 bytes (1.1 GB) copied, 91.5957 s, 11.7 MB/s

real	1m31.782s
user	0m8.891s
sys	0m4.238s
1024+0 records in
1024+0 records out
1073741824 bytes (1.1 GB) copied, 91.5818 s, 11.7 MB/s

real	1m31.767s
user	0m8.909s
sys	0m4.293s
